<?xml version="1.0" encoding="UTF-8"?>
<!-- Generated by org.testng.reporters.JUnitXMLReporter -->
<testsuite ignored="4" hostname="LP-1520" failures="0" tests="21" name="Smoke Test" time="75.087" errors="0" timestamp="2024-11-13T18:26:04 IST">
  <testcase classname="testCase.LoginTest" name="InvalidLoginSignup" time="18.739"/>
  <testcase classname="testCase.LoginTest" name="automateLoginSignup" time="13.317"/>
  <testcase classname="testCase.VipTest" name="vipAllScenarios" time="22.485"/>
  <testcase classname="testCase.CartTest" name="verifyCartItems" time="0.543"/>
  <testcase classname="testCase.CartTest" name="verifyCartProductName" time="0.556"/>
  <testcase classname="testCase.CartTest" name="clickOnWishlistCTA" time="0.087"/>
  <testcase classname="testCase.CartTest" name="switchFocusToPopup" time="1.038"/>
  <testcase classname="testCase.CartTest" name="cancelPopUp" time="0.089"/>
  <testcase classname="testCase.CartTest" name="againClickOnWishlistCTA" time="0.097"/>
  <testcase classname="testCase.CartTest" name="againSwitchFocusToPopup" time="0.533"/>
  <testcase classname="testCase.CartTest" name="cancelWishListing" time="0.585"/>
  <testcase classname="testCase.CartTest" name="verifyDeliveryFee" time="0.036"/>
  <testcase classname="testCase.CartTest" name="verifyAssemblyFee" time="0.04"/>
  <testcase classname="testCase.CartTest" name="verifyPriceChangeWithFurnitureProtection" time="1.67"/>
  <testcase classname="testCase.CartTest" name="verifyDeliveryByText" time="0.545"/>
  <testcase classname="testCase.CartTest" name="verifyCartMrp" time="0.554"/>
  <testcase classname="testCase.CartTest" name="verifyCartSummaryFurnitureProtection" time="0.563"/>
  <testcase classname="testCase.CartTest" name="verifySubTotalOnCart" time="2.068"/>
  <testcase classname="testCase.CartTest" name="verifyYouPayPrice" time="1.084"/>
  <testcase classname="testCase.CartTest" name="verifyYouSavePrice" time="1.054"/>
  <testcase classname="testCase.CartTest" name="switchBackToFirstTab" time="9.185"/>
  <testcase classname="base.BaseTest" name="@AfterSuite tearDown" time="0.0">
    <ignored/>
  </testcase> <!-- @AfterSuite tearDown -->
  <testcase classname="base.BaseTest" name="@AfterSuite tearDown" time="0.0">
    <ignored/>
  </testcase> <!-- @AfterSuite tearDown -->
  <testcase classname="base.BaseTest" name="@BeforeSuite setUp" time="0.0">
    <ignored/>
  </testcase> <!-- @BeforeSuite setUp -->
  <testcase classname="base.BaseTest" name="@BeforeSuite setUp" time="0.0">
    <ignored/>
  </testcase> <!-- @BeforeSuite setUp -->
</testsuite> <!-- Smoke Test -->
