<?xml version="1.0" encoding="UTF-8"?>
<testng-results ignored="0" total="58" passed="58" failed="0" skipped="0">
  <reporter-output>
  </reporter-output>
  <suite started-at="2024-12-21T12:45:50 IST" name="Smoke Suite" finished-at="2024-12-21T12:54:45 IST" duration-ms="534833">
    <groups>
    </groups>
    <test started-at="2024-12-21T12:45:50 IST" name="Smoke Test" finished-at="2024-12-21T12:54:45 IST" duration-ms="534833">
      <class name="testCase.CartTest">
        <test-method signature="verifyCartItems()[pri:1, instance:testCase.CartTest@7ae0a9ec]" started-at="2024-12-21T12:51:36 IST" name="verifyCartItems" finished-at="2024-12-21T12:51:36 IST" duration-ms="862" status="PASS">
          <reporter-output>
          </reporter-output>
        </test-method> <!-- verifyCartItems -->
        <test-method signature="verifyCartProductName()[pri:2, instance:testCase.CartTest@7ae0a9ec]" started-at="2024-12-21T12:51:36 IST" name="verifyCartProductName" finished-at="2024-12-21T12:51:37 IST" duration-ms="611" status="PASS">
          <reporter-output>
          </reporter-output>
        </test-method> <!-- verifyCartProductName -->
        <test-method signature="clickOnWishlistCTA()[pri:3, instance:testCase.CartTest@7ae0a9ec]" started-at="2024-12-21T12:51:37 IST" name="clickOnWishlistCTA" finished-at="2024-12-21T12:51:37 IST" duration-ms="185" status="PASS">
          <reporter-output>
          </reporter-output>
        </test-method> <!-- clickOnWishlistCTA -->
        <test-method signature="switchFocusToPopup()[pri:4, instance:testCase.CartTest@7ae0a9ec]" started-at="2024-12-21T12:51:37 IST" name="switchFocusToPopup" finished-at="2024-12-21T12:51:38 IST" depends-on-methods="testCase.CartTest.clickOnWishlistCTA" duration-ms="1101" status="PASS">
          <reporter-output>
          </reporter-output>
        </test-method> <!-- switchFocusToPopup -->
        <test-method signature="cancelPopUp()[pri:5, instance:testCase.CartTest@7ae0a9ec]" started-at="2024-12-21T12:51:38 IST" name="cancelPopUp" finished-at="2024-12-21T12:51:39 IST" depends-on-methods="testCase.CartTest.switchFocusToPopup" duration-ms="239" status="PASS">
          <reporter-output>
          </reporter-output>
        </test-method> <!-- cancelPopUp -->
        <test-method signature="againClickOnWishlistCTA()[pri:6, instance:testCase.CartTest@7ae0a9ec]" started-at="2024-12-21T12:51:39 IST" name="againClickOnWishlistCTA" finished-at="2024-12-21T12:51:39 IST" duration-ms="301" status="PASS">
          <reporter-output>
          </reporter-output>
        </test-method> <!-- againClickOnWishlistCTA -->
        <test-method signature="againSwitchFocusToPopup()[pri:7, instance:testCase.CartTest@7ae0a9ec]" started-at="2024-12-21T12:51:39 IST" name="againSwitchFocusToPopup" finished-at="2024-12-21T12:51:40 IST" depends-on-methods="testCase.CartTest.againClickOnWishlistCTA" duration-ms="929" status="PASS">
          <reporter-output>
          </reporter-output>
        </test-method> <!-- againSwitchFocusToPopup -->
        <test-method signature="cancelWishListing()[pri:8, instance:testCase.CartTest@7ae0a9ec]" started-at="2024-12-21T12:51:40 IST" name="cancelWishListing" finished-at="2024-12-21T12:51:41 IST" depends-on-methods="testCase.CartTest.againSwitchFocusToPopup" duration-ms="696" status="PASS">
          <reporter-output>
          </reporter-output>
        </test-method> <!-- cancelWishListing -->
        <test-method signature="verifyDeliveryFee()[pri:9, instance:testCase.CartTest@7ae0a9ec]" started-at="2024-12-21T12:51:41 IST" name="verifyDeliveryFee" finished-at="2024-12-21T12:51:41 IST" duration-ms="114" status="PASS">
          <reporter-output>
          </reporter-output>
        </test-method> <!-- verifyDeliveryFee -->
        <test-method signature="verifyAssemblyFee()[pri:10, instance:testCase.CartTest@7ae0a9ec]" started-at="2024-12-21T12:51:41 IST" name="verifyAssemblyFee" finished-at="2024-12-21T12:51:51 IST" duration-ms="10256" status="PASS">
          <reporter-output>
          </reporter-output>
        </test-method> <!-- verifyAssemblyFee -->
        <test-method signature="verifyPriceChangeWithFurnitureProtection()[pri:11, instance:testCase.CartTest@7ae0a9ec]" started-at="2024-12-21T12:51:51 IST" name="verifyPriceChangeWithFurnitureProtection" finished-at="2024-12-21T12:51:53 IST" duration-ms="1839" status="PASS">
          <reporter-output>
          </reporter-output>
        </test-method> <!-- verifyPriceChangeWithFurnitureProtection -->
        <test-method signature="verifyDeliveryByText()[pri:12, instance:testCase.CartTest@7ae0a9ec]" started-at="2024-12-21T12:51:53 IST" name="verifyDeliveryByText" finished-at="2024-12-21T12:51:54 IST" duration-ms="571" status="PASS">
          <reporter-output>
          </reporter-output>
        </test-method> <!-- verifyDeliveryByText -->
        <test-method signature="verifyCartMrp()[pri:13, instance:testCase.CartTest@7ae0a9ec]" started-at="2024-12-21T12:51:54 IST" name="verifyCartMrp" finished-at="2024-12-21T12:51:54 IST" duration-ms="561" status="PASS">
          <reporter-output>
          </reporter-output>
        </test-method> <!-- verifyCartMrp -->
        <test-method signature="verifyCartSummaryFurnitureProtection()[pri:14, instance:testCase.CartTest@7ae0a9ec]" started-at="2024-12-21T12:51:54 IST" name="verifyCartSummaryFurnitureProtection" finished-at="2024-12-21T12:51:55 IST" duration-ms="830" status="PASS">
          <reporter-output>
          </reporter-output>
        </test-method> <!-- verifyCartSummaryFurnitureProtection -->
        <test-method signature="verifySubTotalOnCart()[pri:15, instance:testCase.CartTest@7ae0a9ec]" started-at="2024-12-21T12:51:55 IST" name="verifySubTotalOnCart" finished-at="2024-12-21T12:51:57 IST" duration-ms="2084" status="PASS">
          <reporter-output>
          </reporter-output>
        </test-method> <!-- verifySubTotalOnCart -->
        <test-method signature="verifyYouPayPrice()[pri:16, instance:testCase.CartTest@7ae0a9ec]" started-at="2024-12-21T12:51:57 IST" name="verifyYouPayPrice" finished-at="2024-12-21T12:51:58 IST" duration-ms="1064" status="PASS">
          <reporter-output>
          </reporter-output>
        </test-method> <!-- verifyYouPayPrice -->
        <test-method signature="verifyYouSavePrice()[pri:17, instance:testCase.CartTest@7ae0a9ec]" started-at="2024-12-21T12:51:58 IST" name="verifyYouSavePrice" finished-at="2024-12-21T12:52:00 IST" duration-ms="1252" status="PASS">
          <reporter-output>
          </reporter-output>
        </test-method> <!-- verifyYouSavePrice -->
        <test-method signature="enterGSTINAndSave()[pri:18, instance:testCase.CartTest@7ae0a9ec]" started-at="2024-12-21T12:52:00 IST" name="enterGSTINAndSave" finished-at="2024-12-21T12:52:08 IST" duration-ms="8635" status="PASS">
          <reporter-output>
          </reporter-output>
        </test-method> <!-- enterGSTINAndSave -->
      </class> <!-- testCase.CartTest -->
      <class name="testCase.Order_Confirmation">
        <test-method signature="verifyOrderPlacement()[pri:1, instance:testCase.Order_Confirmation@61c4eee0]" started-at="2024-12-21T12:54:03 IST" name="verifyOrderPlacement" finished-at="2024-12-21T12:54:05 IST" duration-ms="2435" status="PASS">
          <reporter-output>
          </reporter-output>
        </test-method> <!-- verifyOrderPlacement -->
        <test-method signature="verifyPaymentMethod()[pri:2, instance:testCase.Order_Confirmation@61c4eee0]" started-at="2024-12-21T12:54:05 IST" name="verifyPaymentMethod" finished-at="2024-12-21T12:54:05 IST" duration-ms="102" status="PASS">
          <reporter-output>
          </reporter-output>
        </test-method> <!-- verifyPaymentMethod -->
        <test-method signature="verifyAddress()[pri:3, instance:testCase.Order_Confirmation@61c4eee0]" started-at="2024-12-21T12:54:05 IST" name="verifyAddress" finished-at="2024-12-21T12:54:05 IST" duration-ms="63" status="PASS">
          <reporter-output>
          </reporter-output>
        </test-method> <!-- verifyAddress -->
        <test-method signature="verifyCouponGenerated()[pri:4, instance:testCase.Order_Confirmation@61c4eee0]" started-at="2024-12-21T12:54:05 IST" name="verifyCouponGenerated" finished-at="2024-12-21T12:54:14 IST" duration-ms="8528" status="PASS">
          <reporter-output>
          </reporter-output>
        </test-method> <!-- verifyCouponGenerated -->
        <test-method signature="verifyWthDeals()[pri:5, instance:testCase.Order_Confirmation@61c4eee0]" started-at="2024-12-21T12:54:14 IST" name="verifyWthDeals" finished-at="2024-12-21T12:54:24 IST" duration-ms="9988" status="PASS">
          <reporter-output>
          </reporter-output>
        </test-method> <!-- verifyWthDeals -->
        <test-method signature="verifyTrackItem()[pri:6, instance:testCase.Order_Confirmation@61c4eee0]" started-at="2024-12-21T12:54:24 IST" name="verifyTrackItem" finished-at="2024-12-21T12:54:35 IST" duration-ms="11548" status="PASS">
          <reporter-output>
          </reporter-output>
        </test-method> <!-- verifyTrackItem -->
      </class> <!-- testCase.Order_Confirmation -->
      <class name="testCase.Brand_Clip">
        <test-method signature="NavigateToMultipleBrandPages()[pri:1, instance:testCase.Brand_Clip@19932c16]" started-at="2024-12-21T12:47:15 IST" name="NavigateToMultipleBrandPages" finished-at="2024-12-21T12:48:10 IST" duration-ms="55433" status="PASS">
          <reporter-output>
          </reporter-output>
        </test-method> <!-- NavigateToMultipleBrandPages -->
        <test-method signature="verifyMoreFilters()[pri:2, instance:testCase.Brand_Clip@19932c16]" started-at="2024-12-21T12:48:10 IST" name="verifyMoreFilters" finished-at="2024-12-21T12:48:24 IST" duration-ms="13852" status="PASS">
          <reporter-output>
          </reporter-output>
        </test-method> <!-- verifyMoreFilters -->
        <test-method signature="verifySortFilter()[pri:3, instance:testCase.Brand_Clip@19932c16]" started-at="2024-12-21T12:48:24 IST" name="verifySortFilter" finished-at="2024-12-21T12:48:33 IST" duration-ms="9473" status="PASS">
          <reporter-output>
          </reporter-output>
        </test-method> <!-- verifySortFilter -->
        <test-method signature="removefilter()[pri:4, instance:testCase.Brand_Clip@19932c16]" started-at="2024-12-21T12:48:33 IST" name="removefilter" finished-at="2024-12-21T12:48:36 IST" duration-ms="2518" status="PASS">
          <reporter-output>
          </reporter-output>
        </test-method> <!-- removefilter -->
        <test-method signature="switchBackToFirstTab()[pri:5, instance:testCase.Brand_Clip@19932c16]" started-at="2024-12-21T12:48:36 IST" name="switchBackToFirstTab" finished-at="2024-12-21T12:48:41 IST" duration-ms="5313" status="PASS">
          <reporter-output>
          </reporter-output>
        </test-method> <!-- switchBackToFirstTab -->
      </class> <!-- testCase.Brand_Clip -->
      <class name="testCase.Search_Clip">
        <test-method signature="autoSuggestSearchFlow()[pri:1, instance:testCase.Search_Clip@73eb439a]" started-at="2024-12-21T12:48:41 IST" name="autoSuggestSearchFlow" finished-at="2024-12-21T12:48:46 IST" duration-ms="5090" status="PASS">
          <reporter-output>
          </reporter-output>
        </test-method> <!-- autoSuggestSearchFlow -->
        <test-method signature="directSearchFlow()[pri:2, instance:testCase.Search_Clip@73eb439a]" started-at="2024-12-21T12:48:46 IST" name="directSearchFlow" finished-at="2024-12-21T12:48:51 IST" duration-ms="5141" status="PASS">
          <reporter-output>
          </reporter-output>
        </test-method> <!-- directSearchFlow -->
        <test-method signature="diveIntoCatSearchFlow()[pri:3, instance:testCase.Search_Clip@73eb439a]" started-at="2024-12-21T12:48:52 IST" name="diveIntoCatSearchFlow" finished-at="2024-12-21T12:48:57 IST" duration-ms="5588" status="PASS">
          <reporter-output>
          </reporter-output>
        </test-method> <!-- diveIntoCatSearchFlow -->
        <test-method signature="searchClipFilters()[pri:4, instance:testCase.Search_Clip@73eb439a]" started-at="2024-12-21T12:48:57 IST" name="searchClipFilters" finished-at="2024-12-21T12:49:14 IST" duration-ms="16899" status="PASS">
          <reporter-output>
          </reporter-output>
        </test-method> <!-- searchClipFilters -->
        <test-method signature="addToWishlist()[pri:5, instance:testCase.Search_Clip@73eb439a]" started-at="2024-12-21T12:49:14 IST" name="addToWishlist" finished-at="2024-12-21T12:49:15 IST" duration-ms="1428" status="PASS">
          <reporter-output>
          </reporter-output>
        </test-method> <!-- addToWishlist -->
        <test-method signature="pagination()[pri:6, instance:testCase.Search_Clip@73eb439a]" started-at="2024-12-21T12:49:16 IST" name="pagination" finished-at="2024-12-21T12:49:19 IST" duration-ms="3512" status="PASS">
          <reporter-output>
          </reporter-output>
        </test-method> <!-- pagination -->
        <test-method signature="popularSearches()[pri:7, instance:testCase.Search_Clip@73eb439a]" started-at="2024-12-21T12:49:19 IST" name="popularSearches" finished-at="2024-12-21T12:49:25 IST" duration-ms="5964" status="PASS">
          <reporter-output>
          </reporter-output>
        </test-method> <!-- popularSearches -->
        <test-method signature="backToHomepage()[pri:8, instance:testCase.Search_Clip@73eb439a]" started-at="2024-12-21T12:49:25 IST" name="backToHomepage" finished-at="2024-12-21T12:49:27 IST" duration-ms="1480" status="PASS">
          <reporter-output>
          </reporter-output>
        </test-method> <!-- backToHomepage -->
      </class> <!-- testCase.Search_Clip -->
      <class name="testCase.VipTest">
        <test-method signature="vipAllScenarios()[pri:0, instance:testCase.VipTest@305ffe9e]" started-at="2024-12-21T12:50:54 IST" name="vipAllScenarios" finished-at="2024-12-21T12:51:36 IST" duration-ms="41344" status="PASS">
          <reporter-output>
          </reporter-output>
        </test-method> <!-- vipAllScenarios -->
      </class> <!-- testCase.VipTest -->
      <class name="testCase.LoginTest">
        <test-method is-config="true" signature="setUp()[pri:0, instance:testCase.LoginTest@2b30a42c]" started-at="2024-12-21T12:45:39 IST" name="setUp" finished-at="2024-12-21T12:45:50 IST" duration-ms="10480" status="PASS">
          <reporter-output>
          </reporter-output>
        </test-method> <!-- setUp -->
        <test-method signature="InvalidLoginSignup()[pri:1, instance:testCase.LoginTest@2b30a42c]" started-at="2024-12-21T12:45:50 IST" name="InvalidLoginSignup" finished-at="2024-12-21T12:46:15 IST" duration-ms="24760" status="PASS">
          <reporter-output>
          </reporter-output>
        </test-method> <!-- InvalidLoginSignup -->
        <test-method signature="automateLoginSignup()[pri:2, instance:testCase.LoginTest@2b30a42c]" started-at="2024-12-21T12:46:15 IST" name="automateLoginSignup" finished-at="2024-12-21T12:46:34 IST" duration-ms="19375" status="PASS">
          <reporter-output>
          </reporter-output>
        </test-method> <!-- automateLoginSignup -->
        <test-method is-config="true" signature="tearDown()[pri:0, instance:testCase.LoginTest@2b30a42c]" started-at="2024-12-21T12:54:45 IST" name="tearDown" finished-at="2024-12-21T12:54:51 IST" duration-ms="5772" status="PASS">
          <reporter-output>
          </reporter-output>
        </test-method> <!-- tearDown -->
      </class> <!-- testCase.LoginTest -->
      <class name="testCase.PaymentTest">
        <test-method signature="searchTestSku()[pri:1, instance:testCase.PaymentTest@35841320]" started-at="2024-12-21T12:52:08 IST" name="searchTestSku" finished-at="2024-12-21T12:52:21 IST" duration-ms="12497" status="PASS">
          <reporter-output>
          </reporter-output>
        </test-method> <!-- searchTestSku -->
        <test-method signature="axisBankInternetBankingPM()[pri:2, instance:testCase.PaymentTest@35841320]" started-at="2024-12-21T12:52:21 IST" name="axisBankInternetBankingPM" finished-at="2024-12-21T12:52:35 IST" duration-ms="13763" status="PASS">
          <reporter-output>
          </reporter-output>
        </test-method> <!-- axisBankInternetBankingPM -->
        <test-method signature="hdfcBankInternetBankingPM()[pri:3, instance:testCase.PaymentTest@35841320]" started-at="2024-12-21T12:52:35 IST" name="hdfcBankInternetBankingPM" finished-at="2024-12-21T12:52:54 IST" duration-ms="19643" status="PASS">
          <reporter-output>
          </reporter-output>
        </test-method> <!-- hdfcBankInternetBankingPM -->
        <test-method signature="mobikwikWallet()[pri:4, instance:testCase.PaymentTest@35841320]" started-at="2024-12-21T12:52:54 IST" name="mobikwikWallet" finished-at="2024-12-21T12:53:16 IST" duration-ms="21654" status="PASS">
          <reporter-output>
          </reporter-output>
        </test-method> <!-- mobikwikWallet -->
        <test-method signature="paytmWallet()[pri:5, instance:testCase.PaymentTest@35841320]" started-at="2024-12-21T12:53:16 IST" name="paytmWallet" finished-at="2024-12-21T12:53:41 IST" duration-ms="24801" status="PASS">
          <reporter-output>
          </reporter-output>
        </test-method> <!-- paytmWallet -->
        <test-method signature="giftCard()[pri:6, instance:testCase.PaymentTest@35841320]" started-at="2024-12-21T12:53:41 IST" name="giftCard" finished-at="2024-12-21T12:54:03 IST" duration-ms="21875" status="PASS">
          <reporter-output>
          </reporter-output>
        </test-method> <!-- giftCard -->
      </class> <!-- testCase.PaymentTest -->
      <class name="testCase.Normal_Clip">
        <test-method signature="testFurnitureMenu()[pri:0, instance:testCase.Normal_Clip@514646ef]" started-at="2024-12-21T12:49:27 IST" name="testFurnitureMenu" finished-at="2024-12-21T12:49:46 IST" duration-ms="19340" status="PASS">
          <reporter-output>
          </reporter-output>
        </test-method> <!-- testFurnitureMenu -->
        <test-method signature="testHomeDecorMenu()[pri:0, instance:testCase.Normal_Clip@514646ef]" started-at="2024-12-21T12:49:46 IST" name="testHomeDecorMenu" finished-at="2024-12-21T12:50:01 IST" duration-ms="14762" status="PASS">
          <reporter-output>
          </reporter-output>
        </test-method> <!-- testHomeDecorMenu -->
        <test-method signature="testMattressesMenu()[pri:0, instance:testCase.Normal_Clip@514646ef]" started-at="2024-12-21T12:50:01 IST" name="testMattressesMenu" finished-at="2024-12-21T12:50:14 IST" duration-ms="12974" status="PASS">
          <reporter-output>
          </reporter-output>
        </test-method> <!-- testMattressesMenu -->
        <test-method signature="verifyFurnitureFilters()[pri:0, instance:testCase.Normal_Clip@514646ef]" started-at="2024-12-21T12:50:14 IST" name="verifyFurnitureFilters" finished-at="2024-12-21T12:50:26 IST" duration-ms="12372" status="PASS">
          <reporter-output>
          </reporter-output>
        </test-method> <!-- verifyFurnitureFilters -->
        <test-method signature="verifyHomeDecorFilters()[pri:0, instance:testCase.Normal_Clip@514646ef]" started-at="2024-12-21T12:50:26 IST" name="verifyHomeDecorFilters" finished-at="2024-12-21T12:50:40 IST" duration-ms="13530" status="PASS">
          <reporter-output>
          </reporter-output>
        </test-method> <!-- verifyHomeDecorFilters -->
        <test-method signature="verifyMattressesFilters()[pri:0, instance:testCase.Normal_Clip@514646ef]" started-at="2024-12-21T12:50:40 IST" name="verifyMattressesFilters" finished-at="2024-12-21T12:50:54 IST" duration-ms="14432" status="PASS">
          <reporter-output>
          </reporter-output>
        </test-method> <!-- verifyMattressesFilters -->
      </class> <!-- testCase.Normal_Clip -->
      <class name="testCase.MyOrders">
        <test-method signature="navigateToMyOrders()[pri:1, instance:testCase.MyOrders@6f10d5b6]" started-at="2024-12-21T12:54:35 IST" name="navigateToMyOrders" finished-at="2024-12-21T12:54:40 IST" depends-on-methods="testCase.LoginTest.automateLoginSignup" duration-ms="4534" status="PASS">
          <reporter-output>
          </reporter-output>
        </test-method> <!-- navigateToMyOrders -->
        <test-method signature="verifyTotalSavings()[pri:2, instance:testCase.MyOrders@6f10d5b6]" started-at="2024-12-21T12:54:40 IST" name="verifyTotalSavings" finished-at="2024-12-21T12:54:40 IST" duration-ms="95" status="PASS">
          <reporter-output>
          </reporter-output>
        </test-method> <!-- verifyTotalSavings -->
        <test-method signature="verifyTotalOrders()[pri:3, instance:testCase.MyOrders@6f10d5b6]" started-at="2024-12-21T12:54:40 IST" name="verifyTotalOrders" finished-at="2024-12-21T12:54:40 IST" duration-ms="72" status="PASS">
          <reporter-output>
          </reporter-output>
        </test-method> <!-- verifyTotalOrders -->
        <test-method signature="verifyMyOrdersTrackItem()[pri:4, instance:testCase.MyOrders@6f10d5b6]" started-at="2024-12-21T12:54:40 IST" name="verifyMyOrdersTrackItem" finished-at="2024-12-21T12:54:41 IST" duration-ms="1055" status="PASS">
          <reporter-output>
          </reporter-output>
        </test-method> <!-- verifyMyOrdersTrackItem -->
        <test-method signature="verifyCancelOrder()[pri:5, instance:testCase.MyOrders@6f10d5b6]" started-at="2024-12-21T12:54:41 IST" name="verifyCancelOrder" finished-at="2024-12-21T12:54:45 IST" duration-ms="3275" status="PASS">
          <reporter-output>
          </reporter-output>
        </test-method> <!-- verifyCancelOrder -->
      </class> <!-- testCase.MyOrders -->
      <class name="testCase.HomepageTest">
        <test-method signature="testClickingHomepageSections()[pri:0, instance:testCase.HomepageTest@23e84203]" started-at="2024-12-21T12:46:34 IST" name="testClickingHomepageSections" finished-at="2024-12-21T12:47:14 IST" depends-on-methods="testCase.LoginTest.automateLoginSignup" duration-ms="40084" status="PASS">
          <reporter-output>
          </reporter-output>
        </test-method> <!-- testClickingHomepageSections -->
      </class> <!-- testCase.HomepageTest -->
    </test> <!-- Smoke Test -->
  </suite> <!-- Smoke Suite -->
</testng-results>
