<?xml version="1.0" encoding="UTF-8"?>
<testsuite xmlns:xsi="http://www.w3.org/2001/XMLSchema-instance" xsi:noNamespaceSchemaLocation="https://maven.apache.org/surefire/maven-surefire-plugin/xsd/surefire-test-report-3.0.xsd" version="3.0" name="TestSuite" time="232.64" tests="15" errors="0" skipped="0" failures="0">
  <properties>
[...]
</properties>
  <testcase name="InvalidLoginSignup" classname="testCase.LoginTest" time="18.943">
    <system-out><![CDATA[For input '12345', error message: Enter a Valid Mobile Number
For input 'abcdefghij', error message: Enter a Valid Email ID
For input '999999999999', error message: Enter a Valid Mobile Number
For input 'invalidemail@', error message: Enter a Valid Email ID
For input 'test@invaliddomain', error message: Enter a Valid Email ID
]]></system-out>
    <system-err><![CDATA[SLF4J: Failed to load class "org.slf4j.impl.StaticLoggerBinder".
SLF4J: Defaulting to no-operation (NOP) logger implementation
SLF4J: See http://www.slf4j.org/codes.html#StaticLoggerBinder for further details.
Nov 08, 2024 5:39:45 PM org.openqa.selenium.devtools.CdpVersionFinder findNearestMatch
WARNING: Unable to find an exact match for CDP version 130, returning the closest version; found: 128; Please update to a Selenium version that supports CDP version 130
]]></system-err>
  </testcase>
  <testcase name="automateLoginSignup" classname="testCase.LoginTest" time="12.504">
    <system-out><![CDATA[OTP fetched: 8539
Login successful
]]></system-out>
  </testcase>
  <testcase name="testClickingHomepageSections" classname="testCase.HomepageTest" time="37.017">
    <system-out><![CDATA[Scrolled to element: 
Clicked on LHS Banner successfully.
Scrolled to element: 
Clicked on Woodsworth Banner successfully.
Scrolled to element: 
Clicked on Deals Banner successfully.
Scrolled to element: 
Clicked on Mintwud Banner successfully.
Pepperfry Logo found. Clicking on it.
Clicked on Pepperfry Logo successfully.
]]></system-out>
  </testcase>
  <testcase name="testFurnitureMenu" classname="testCase.Normal_Clip" time="15.131">
    <system-out><![CDATA[Furniture Meta Verified
]]></system-out>
  </testcase>
  <testcase name="testHomeDecorMenu" classname="testCase.Normal_Clip" time="12.064">
    <system-out><![CDATA[Home Decor Meta Verified
]]></system-out>
  </testcase>
  <testcase name="testMattressesMenu" classname="testCase.Normal_Clip" time="11.344">
    <system-out><![CDATA[Mattresses Meta Verified
]]></system-out>
  </testcase>
  <testcase name="verifyFurnitureFilters" classname="testCase.Normal_Clip" time="12.013">
    <system-out><![CDATA[Clicked on the first accordion item.
Clicked on casacraft brand
Clicked on apply filter button
Clicked on 'Clear All' to remove the applied filters
]]></system-out>
  </testcase>
  <testcase name="verifyHomeDecorFilters" classname="testCase.Normal_Clip" time="11.27">
    <system-out><![CDATA[Clicked on gold colour
Clicked on apply filter button
Clicked on 'Clear All' to remove the applied filters
]]></system-out>
  </testcase>
  <testcase name="verifyMattressesFilters" classname="testCase.Normal_Clip" time="8.712">
    <system-out><![CDATA[Clicked on 72 X 36 Inch Size
Clicked on apply filter button
Clicked on 'Clear All' to remove the applied filters
]]></system-out>
  </testcase>
  <testcase name="vipAllScenarios" classname="testCase.VipTest" time="33.988">
    <system-out><![CDATA[The Product Title is BIngo Fabric 1 Seater Sofa In Grey Colour
Share
By Mintwud from Pepperfry
The Product Rating is 5
The Product MRP is ₹11,999
The Product EMI text is EMI starting from  ₹577/mo View Plans
Clicked on Pincode Change button successfully
Successfully entered the new pincode i.e. 400078
The delivery Text is Delivery FREE by Mon, 18 Nov 2024
The Assembly Text is Assembly ₹749 Offered By Pepperfry
Clicked on Buy Now CTA Successfully
Navigated back to VIP page from Cart page
]]></system-out>
  </testcase>
  <testcase name="searchProductAfterLogin" classname="testCase.SearchTestProduct" time="25.679">
    <system-out><![CDATA[INSIDE 'searchProductAfterLogin' METHOD 
Attempting to search for keyword: 3 seater sofa
Clicked search for keyword: 3 seater sofa
Navigated back to the homepage.
Attempting to search for keyword: mattresses
Clicked search for keyword: mattresses
Navigated back to the homepage.
Attempting to search for keyword: wing chair
Clicked search for keyword: wing chair
Navigated back to the homepage.
Clicked on Pepperfry logo to go back to homepage.
Specific SKU search completed.
]]></system-out>
  </testcase>
  <testcase name="addToCartAndGoToCart" classname="testCase.VipFlow" time="8.392">
    <system-out><![CDATA[Product Added to the Cart Successfully
]]></system-out>
  </testcase>
  <testcase name="qtyDropDown" classname="testCase.CartTest" time="0.827">
    <system-out><![CDATA[Quantity in cart is: QTY 1
Clicked on Proceed to Pay successfully.
]]></system-out>
  </testcase>
  <testcase name="paymentOptions" classname="testCase.PaymentTest" time="14.162">
    <system-out><![CDATA[GC verified sussessfully
Clicked on Pay Now sussessfully
]]></system-out>
  </testcase>
  <testcase name="verifyOrderPlacement" classname="testCase.OrderConfirmationPage" time="0.067">
    <system-out><![CDATA[Order Confirmation Text: Thank You social, Your Order is Confirmed!
Extracted Order ID: Order ID : 310069255
]]></system-out>
  </testcase>
</testsuite>