<?xml version="1.0" encoding="UTF-8"?>
<testng-results ignored="0" total="8" passed="8" failed="0" skipped="0">
  <reporter-output>
  </reporter-output>
  <suite started-at="2024-10-23T10:53:18 IST" name="Smoke Suite" finished-at="2024-10-23T10:55:02 IST" duration-ms="104491">
    <groups>
    </groups>
    <test started-at="2024-10-23T10:53:18 IST" name="Smoke Test" finished-at="2024-10-23T10:55:02 IST" duration-ms="104491">
      <class name="testCase.CartTest">
        <test-method signature="qtyDropDown()[pri:0, instance:testCase.CartTest@5524cca1]" started-at="2024-10-23T10:54:48 IST" name="qtyDropDown" finished-at="2024-10-23T10:54:49 IST" duration-ms="781" status="PASS">
          <reporter-output>
          </reporter-output>
        </test-method> <!-- qtyDropDown -->
      </class> <!-- testCase.CartTest -->
      <class name="testCase.SearchTestProduct">
        <test-method signature="searchProductAfterLogin()[pri:0, instance:testCase.SearchTestProduct@33bc72d1]" started-at="2024-10-23T10:54:28 IST" name="searchProductAfterLogin" finished-at="2024-10-23T10:54:41 IST" depends-on-methods="testCase.HomepageTest.testClickingHomepageSections" duration-ms="13157" status="PASS">
          <reporter-output>
          </reporter-output>
        </test-method> <!-- searchProductAfterLogin -->
      </class> <!-- testCase.SearchTestProduct -->
      <class name="testCase.OrderConfirmationPage">
        <test-method signature="verifyOrderPlacement()[pri:0, instance:testCase.OrderConfirmationPage@48bb62]" started-at="2024-10-23T10:55:02 IST" name="verifyOrderPlacement" finished-at="2024-10-23T10:55:02 IST" duration-ms="147" status="PASS">
          <reporter-output>
          </reporter-output>
        </test-method> <!-- verifyOrderPlacement -->
      </class> <!-- testCase.OrderConfirmationPage -->
      <class name="testCase.VipTest">
        <test-method signature="addToCartAndGoToCart()[pri:0, instance:testCase.VipTest@1a75e76a]" started-at="2024-10-23T10:54:41 IST" name="addToCartAndGoToCart" finished-at="2024-10-23T10:54:48 IST" duration-ms="6557" status="PASS">
          <reporter-output>
          </reporter-output>
        </test-method> <!-- addToCartAndGoToCart -->
      </class> <!-- testCase.VipTest -->
      <class name="testCase.LoginTest">
        <test-method is-config="true" signature="setUp()[pri:0, instance:testCase.LoginTest@cc43f62]" started-at="2024-10-23T10:53:10 IST" name="setUp" finished-at="2024-10-23T10:53:18 IST" duration-ms="8003" status="PASS">
          <reporter-output>
          </reporter-output>
        </test-method> <!-- setUp -->
        <test-method signature="InvalidLoginSignup()[pri:1, instance:testCase.LoginTest@cc43f62]" started-at="2024-10-23T10:53:18 IST" name="InvalidLoginSignup" finished-at="2024-10-23T10:53:37 IST" duration-ms="18826" status="PASS">
          <reporter-output>
          </reporter-output>
        </test-method> <!-- InvalidLoginSignup -->
        <test-method signature="automateLoginSignup()[pri:2, instance:testCase.LoginTest@cc43f62]" started-at="2024-10-23T10:53:37 IST" name="automateLoginSignup" finished-at="2024-10-23T10:53:51 IST" duration-ms="14376" status="PASS">
          <reporter-output>
          </reporter-output>
        </test-method> <!-- automateLoginSignup -->
        <test-method is-config="true" signature="tearDown()[pri:0, instance:testCase.LoginTest@cc43f62]" started-at="2024-10-23T10:55:02 IST" name="tearDown" finished-at="2024-10-23T10:55:05 IST" duration-ms="2665" status="PASS">
          <reporter-output>
          </reporter-output>
        </test-method> <!-- tearDown -->
      </class> <!-- testCase.LoginTest -->
      <class name="testCase.PaymentTest">
        <test-method signature="paymentOptions()[pri:0, instance:testCase.PaymentTest@5032714f]" started-at="2024-10-23T10:54:49 IST" name="paymentOptions" finished-at="2024-10-23T10:55:02 IST" duration-ms="13457" status="PASS">
          <reporter-output>
          </reporter-output>
        </test-method> <!-- paymentOptions -->
      </class> <!-- testCase.PaymentTest -->
      <class name="testCase.HomepageTest">
        <test-method signature="testClickingHomepageSections()[pri:0, instance:testCase.HomepageTest@273444fe]" started-at="2024-10-23T10:53:51 IST" name="testClickingHomepageSections" finished-at="2024-10-23T10:54:28 IST" depends-on-methods="testCase.LoginTest.automateLoginSignup" duration-ms="37027" status="PASS">
          <reporter-output>
          </reporter-output>
        </test-method> <!-- testClickingHomepageSections -->
      </class> <!-- testCase.HomepageTest -->
    </test> <!-- Smoke Test -->
  </suite> <!-- Smoke Suite -->
</testng-results>
