<?xml version="1.0" encoding="UTF-8"?>
<testsuite xmlns:xsi="http://www.w3.org/2001/XMLSchema-instance" xsi:noNamespaceSchemaLocation="https://maven.apache.org/surefire/maven-surefire-plugin/xsd/surefire-test-report-3.0.xsd" version="3.0" name="TestSuite" time="355.308" tests="39" errors="0" skipped="0" failures="0">
  <properties>
[...]
</properties>
  <testcase name="InvalidLoginSignup" classname="testCase.LoginTest" time="18.977">
    <system-out><![CDATA[For input '12345', error message: Enter a Valid Mobile Number
For input 'abcdefghij', error message: Enter a Valid Email ID
For input '999999999999', error message: Enter a Valid Mobile Number
For input 'invalidemail@', error message: Enter a Valid Email ID
For input 'test@invaliddomain', error message: Enter a Valid Email ID
]]></system-out>
    <system-err><![CDATA[SLF4J: Failed to load class "org.slf4j.impl.StaticLoggerBinder".
SLF4J: Defaulting to no-operation (NOP) logger implementation
SLF4J: See http://www.slf4j.org/codes.html#StaticLoggerBinder for further details.
Dec 19, 2024 12:04:15 PM org.openqa.selenium.devtools.CdpVersionFinder findNearestMatch
WARNING: Unable to find an exact match for CDP version 131, returning the closest version; found: 128; Please update to a Selenium version that supports CDP version 131
]]></system-err>
  </testcase>
  <testcase name="automateLoginSignup" classname="testCase.LoginTest" time="14.968">
    <system-out><![CDATA[Login successful
]]></system-out>
  </testcase>
  <testcase name="testClickingHomepageSections" classname="testCase.HomepageTest" time="38.684">
    <system-out><![CDATA[Scrolled to element: 
Normal click failed for LHS Banner. Trying JavaScript click.
JavaScript click performed on LHS Banner.
Scrolled to element: 
Clicked on Woodsworth Banner successfully.
Scrolled to element: 
Clicked on Deals Banner successfully.
Scrolled to element: 
Clicked on Mintwud Banner successfully.
Pepperfry Logo found. Clicking on it.
Clicked on Pepperfry Logo successfully.
]]></system-out>
  </testcase>
  <testcase name="NavigateToMultipleBrandPages" classname="testCase.Brand_Clip" time="46.448">
    <system-out><![CDATA[Scrolled to the bottom of the page.
Scrolled successfully to the Popular Brands section.
Brand found: Mintwud
Navigated to Mintwud brand page.
Current page title: Buy Mintwud from Pepperfry Furniture Online @Upto 60% OFF | Pepperfry
Brand found: Woodsworth
Navigated to Woodsworth brand page.
Current page title: Buy Woodsworth from Pepperfry Furniture Online @Upto 60% OFF | Pepperfry
Brand found: CasaCraft
Brand found: Amberville
Navigated to Amberville brand page.
Current page title: Buy Amberville from Pepperfry Furniture Online @Upto 60% OFF | Pepperfry
Brand found: Mudramark
Brand found: Bohemiana
Brand found: Springtek
Brand found: Spacewood
Brand found: A Globia Creations
Brand found: Febonic
Brand found: @home
Brand found: Durian
Brand found: Wakefit
Brand found: Nilkamal
Navigated to Nilkamal brand page.
Current page title: Buy Nilkamal Furniture Online @Upto 60% OFF | Pepperfry
Brand found: Sleepycat
Brand found: Bluewud
Brand found: Duroflex
Navigated to Duroflex brand page.
Current page title: Buy Duroflex Mattresses Online @Upto 60% OFF | Pepperfry
Brand found: Sleepyhead
Brand found: Green Soul
Brand found: Orange Tree
]]></system-out>
  </testcase>
  <testcase name="verifyMoreFilters" classname="testCase.Brand_Clip" time="9.078">
    <system-out><![CDATA[More filters section clicked successfully.
Clicked on apply filter button
]]></system-out>
  </testcase>
  <testcase name="verifySortFilter" classname="testCase.Brand_Clip" time="5.917">
    <system-out><![CDATA[₹3,499
₹19,899
]]></system-out>
  </testcase>
  <testcase name="removefilter" classname="testCase.Brand_Clip" time="2.143">
    <system-out><![CDATA[Clicked on 'Clear All' to remove the applied filters
]]></system-out>
  </testcase>
  <testcase name="switchBackToFirstTab" classname="testCase.Brand_Clip" time="5.152">
    <system-out><![CDATA[Switched back to the first tab.
]]></system-out>
  </testcase>
  <testcase name="testFurnitureMenu" classname="testCase.Normal_Clip" time="14.767">
    <system-out><![CDATA[Furniture Meta Verified
]]></system-out>
  </testcase>
  <testcase name="testHomeDecorMenu" classname="testCase.Normal_Clip" time="11.888">
    <system-out><![CDATA[Home Decor Meta Verified
]]></system-out>
  </testcase>
  <testcase name="testMattressesMenu" classname="testCase.Normal_Clip" time="10.989">
    <system-out><![CDATA[Mattresses Meta Verified
]]></system-out>
  </testcase>
  <testcase name="verifyFurnitureFilters" classname="testCase.Normal_Clip" time="8.634">
    <system-out><![CDATA[Clicked on the first accordion item.
Clicked on casacraft brand
Clicked on apply filter button
Clicked on 'Clear All' to remove the applied filters
]]></system-out>
  </testcase>
  <testcase name="verifyHomeDecorFilters" classname="testCase.Normal_Clip" time="8.022">
    <system-out><![CDATA[Clicked on gold colour
Clicked on apply filter button
Clicked on 'Clear All' to remove the applied filters
]]></system-out>
  </testcase>
  <testcase name="verifyMattressesFilters" classname="testCase.Normal_Clip" time="8.211">
    <system-out><![CDATA[Clicked on 72 X 36 Inch Size
Clicked on apply filter button
Clicked on 'Clear All' to remove the applied filters
]]></system-out>
  </testcase>
  <testcase name="vipAllScenarios" classname="testCase.VipTest" time="36.148">
    <system-out><![CDATA[The Product Title is Alejandro Velvet 1 Seater Sofa In Bone White Colour
Share
By Casacraft from Pepperfry
The Product Rating is 5
The Product MRP is ₹12,999
The Product EMI text is EMI starting from  ₹625/mo View Plans
Clicked on Pincode Change button successfully
Successfully entered the new pincode i.e. 560001
The delivery Text is Delivery ₹1039 by Tue, 24 Dec 2024
The Assembly Text is Assembly ₹869 Offered By Pepperfry
Product Added to the Cart Successfully
Clicked on Buy Now CTA Successfully
]]></system-out>
  </testcase>
  <testcase name="verifyCartItems" classname="testCase.CartTest" time="0.719">
    <system-out><![CDATA[InYour Cart (1 Item)is/are present
]]></system-out>
  </testcase>
  <testcase name="verifyCartProductName" classname="testCase.CartTest" time="0.555">
    <system-out><![CDATA[The Product Name Present on cart is Alejandro Velvet 1 Seater Sofa In Bone White Colour
]]></system-out>
  </testcase>
  <testcase name="clickOnWishlistCTA" classname="testCase.CartTest" time="0.107">
    <system-out><![CDATA[Clicked on Wishlist CTA
]]></system-out>
  </testcase>
  <testcase name="switchFocusToPopup" classname="testCase.CartTest" time="1.047">
    <system-out><![CDATA[Focused switched to Pop-Up
]]></system-out>
  </testcase>
  <testcase name="cancelPopUp" classname="testCase.CartTest" time="0.117">
    <system-out><![CDATA[Closed the wishlist pop-up
]]></system-out>
  </testcase>
  <testcase name="againClickOnWishlistCTA" classname="testCase.CartTest" time="0.133">
    <system-out><![CDATA[Again clicked on Wishlist CTA
]]></system-out>
  </testcase>
  <testcase name="againSwitchFocusToPopup" classname="testCase.CartTest" time="0.647">
    <system-out><![CDATA[Again the Focused switched to wishlist Pop-Up
]]></system-out>
  </testcase>
  <testcase name="cancelWishListing" classname="testCase.CartTest" time="0.603">
    <system-out><![CDATA[The product is cancelled from being wishlisted and You are again on the cart page
]]></system-out>
  </testcase>
  <testcase name="verifyDeliveryFee" classname="testCase.CartTest" time="0.033">
    <system-out><![CDATA[The Delivery Fee is: Delivery
₹1,039
]]></system-out>
  </testcase>
  <testcase name="verifyAssemblyFee" classname="testCase.CartTest" time="0.031">
    <system-out><![CDATA[The Assembly Fee is: Assembly
₹869
]]></system-out>
  </testcase>
  <testcase name="verifyPriceChangeWithFurnitureProtection" classname="testCase.CartTest" time="1.683">
    <system-out><![CDATA[Item price before selecting protection: ₹14,907
Item price after selecting protection: ₹15,674
]]></system-out>
  </testcase>
  <testcase name="verifyDeliveryByText" classname="testCase.CartTest" time="0.543">
    <system-out><![CDATA[Your Item has a Delivery by Tue, 24 Dec 2024
]]></system-out>
  </testcase>
  <testcase name="verifyCartMrp" classname="testCase.CartTest" time="0.544">
    <system-out><![CDATA[You have products in your cart with MRP (1 Item)
₹17,999
]]></system-out>
  </testcase>
  <testcase name="verifyCartSummaryFurnitureProtection" classname="testCase.CartTest" time="0.67">
    <system-out><![CDATA[The Furniture Protection amount in cart summary is 1-Yr Protection Plan
₹767
]]></system-out>
  </testcase>
  <testcase name="verifySubTotalOnCart" classname="testCase.CartTest" time="2.049">
    <system-out><![CDATA[Cart Sub Total
₹15,674
]]></system-out>
  </testcase>
  <testcase name="verifyYouPayPrice" classname="testCase.CartTest" time="1.046">
    <system-out><![CDATA[The You Pay price is YOU PAY
₹15,674
]]></system-out>
  </testcase>
  <testcase name="verifyYouSavePrice" classname="testCase.CartTest" time="1.164">
    <system-out><![CDATA[The You Save price is You Save
₹5,000
]]></system-out>
  </testcase>
  <testcase name="enterGSTINAndSave" classname="testCase.CartTest" time="8.157">
    <system-out><![CDATA[Successfully Added GSTIN Details
Applied GSTIN has been removed
Switched to the CLIP tab: Buy 1 Seater Sofas Online with Upto 60% Off | Pepperfry
]]></system-out>
  </testcase>
  <testcase name="searchTestSku" classname="testCase.PaymentTest" time="9.84">
    <system-out><![CDATA[Searched the test product successfully
Switched to new tab: Buy 7Unique7 Automation Test SKU - Do NOT ship the order at 67% OFF by test16 | Pepperfry
]]></system-out>
  </testcase>
  <testcase name="axisBankInternetBankingPM" classname="testCase.PaymentTest" time="10.58">
    <system-out><![CDATA[Clicked on Proceed to Pay successfully for verifying Internet Banking Payment method = Axis Bank
Successfully Verified Axis Bank-Internet Banking
]]></system-out>
  </testcase>
  <testcase name="hdfcBankInternetBankingPM" classname="testCase.PaymentTest" time="14.97">
    <system-out><![CDATA[Clicked on Proceed to Pay successfully for verifying Internet Banking Payment method = HDFC Bank
Successfully Verified HDFC Bank-Internet Banking
]]></system-out>
  </testcase>
  <testcase name="mobikwikWallet" classname="testCase.PaymentTest" time="14.4">
    <system-out><![CDATA[Clicked on Proceed to Pay successfully for verifying Wallet Payment method = Mobikwik
Successfully Verified Mobikwik Wallet
]]></system-out>
  </testcase>
  <testcase name="paytmWallet" classname="testCase.PaymentTest" time="16.693">
    <system-out><![CDATA[Clicked on Proceed to Pay successfully for verifying Wallet Payment method = Paytm
Successfully Verified Paytm Wallet
]]></system-out>
  </testcase>
  <testcase name="giftCard" classname="testCase.PaymentTest" time="16.703">
    <system-out><![CDATA[GC Number entered sussessfully
GC Pin entered sussessfully
GC verified sussessfully
Clicked on Pay Now sussessfully
]]></system-out>
  </testcase>
</testsuite>